C:\Users\ez14ay-matsumoto\Desktop\glsample_frame_180101\Debug\calc.obj
C:\Users\ez14ay-matsumoto\Desktop\glsample_frame_180101\Debug\cl.command.1.tlog
C:\Users\ez14ay-matsumoto\Desktop\glsample_frame_180101\Debug\CL.read.1.tlog
C:\Users\ez14ay-matsumoto\Desktop\glsample_frame_180101\Debug\CL.write.1.tlog
C:\Users\ez14ay-matsumoto\Desktop\glsample_frame_180101\Debug\draw.obj
C:\Users\ez14ay-matsumoto\Desktop\glsample_frame_180101\Debug\glsample_frameLv3.exe
C:\Users\ez14ay-matsumoto\Desktop\glsample_frame_180101\Debug\glsample_frameLv3.exe.embed.manifest
C:\Users\ez14ay-matsumoto\Desktop\glsample_frame_180101\Debug\glsample_frameLv3.exe.embed.manifest.res
C:\Users\ez14ay-matsumoto\Desktop\glsample_frame_180101\Debug\glsample_frameLv3.exe.intermediate.manifest(1).xml
C:\Users\ez14ay-matsumoto\Desktop\glsample_frame_180101\Debug\glsample_frameLv3.exe.intermediate.manifest.xml
C:\Users\ez14ay-matsumoto\Desktop\glsample_frame_180101\Debug\glsample_frameLv3.ilk
C:\Users\ez14ay-matsumoto\Desktop\glsample_frame_180101\Debug\glsample_frameLv3.pdb
C:\Users\ez14ay-matsumoto\Desktop\glsample_frame_180101\Debug\glsample_frameLv3.write.1.tlog
C:\Users\ez14ay-matsumoto\Desktop\glsample_frame_180101\Debug\glsample_frameLv3_manifest.rc
C:\Users\ez14ay-matsumoto\Desktop\glsample_frame_180101\Debug\glsample6_shading.vcxprojResolveAssemblyReference.cache
C:\Users\ez14ay-matsumoto\Desktop\glsample_frame_180101\Debug\kbdmouse.obj
C:\Users\ez14ay-matsumoto\Desktop\glsample_frame_180101\Debug\light.obj
C:\Users\ez14ay-matsumoto\Desktop\glsample_frame_180101\Debug\link.4272.read.1.tlog
C:\Users\ez14ay-matsumoto\Desktop\glsample_frame_180101\Debug\link.4272.write.1.tlog
C:\Users\ez14ay-matsumoto\Desktop\glsample_frame_180101\Debug\link.4272-cvtres.read.1.tlog
C:\Users\ez14ay-matsumoto\Desktop\glsample_frame_180101\Debug\link.4272-cvtres.write.1.tlog
C:\Users\ez14ay-matsumoto\Desktop\glsample_frame_180101\Debug\link.command.1.tlog
C:\Users\ez14ay-matsumoto\Desktop\glsample_frame_180101\Debug\link.read.1.tlog
C:\Users\ez14ay-matsumoto\Desktop\glsample_frame_180101\Debug\link.write.1.tlog
C:\Users\ez14ay-matsumoto\Desktop\glsample_frame_180101\Debug\link-cvtres.read.1.tlog
C:\Users\ez14ay-matsumoto\Desktop\glsample_frame_180101\Debug\link-cvtres.write.1.tlog
C:\Users\ez14ay-matsumoto\Desktop\glsample_frame_180101\Debug\main.obj
C:\Users\ez14ay-matsumoto\Desktop\glsample_frame_180101\Debug\mt.command.1.tlog
C:\Users\ez14ay-matsumoto\Desktop\glsample_frame_180101\Debug\mt.read.1.tlog
C:\Users\ez14ay-matsumoto\Desktop\glsample_frame_180101\Debug\mt.write.1.tlog
C:\Users\ez14ay-matsumoto\Desktop\glsample_frame_180101\Debug\projview.obj
C:\Users\ez14ay-matsumoto\Desktop\glsample_frame_180101\Debug\rc.command.1.tlog
C:\Users\ez14ay-matsumoto\Desktop\glsample_frame_180101\Debug\rc.read.1.tlog
C:\Users\ez14ay-matsumoto\Desktop\glsample_frame_180101\Debug\rc.write.1.tlog
C:\Users\ez14ay-matsumoto\Desktop\glsample_frame_180101\Debug\sim.obj
C:\Users\ez14ay-matsumoto\Desktop\glsample_frame_180101\Debug\vc100.idb
C:\Users\ez14ay-matsumoto\Desktop\glsample_frame_180101\Debug\vc100.pdb
D:\2017卒研他\GLSAMPLE_FRAME_171220FINAL\DEBUG\CALC.OBJ
D:\2017卒研他\GLSAMPLE_FRAME_171220FINAL\DEBUG\DRAW.OBJ
D:\2017卒研他\GLSAMPLE_FRAME_171220FINAL\DEBUG\GLSAMPLE_FRAMELV3.EXE
D:\2017卒研他\GLSAMPLE_FRAME_171220FINAL\DEBUG\GLSAMPLE_FRAMELV3.EXE.EMBED.MANIFEST.RES
D:\2017卒研他\GLSAMPLE_FRAME_171220FINAL\DEBUG\GLSAMPLE_FRAMELV3.EXE.INTERMEDIATE.MANIFEST
D:\2017卒研他\GLSAMPLE_FRAME_171220FINAL\DEBUG\GLSAMPLE_FRAMELV3.ILK
D:\2017卒研他\GLSAMPLE_FRAME_171220FINAL\DEBUG\GLSAMPLE_FRAMELV3.PDB
D:\2017卒研他\GLSAMPLE_FRAME_171220FINAL\DEBUG\KBDMOUSE.OBJ
D:\2017卒研他\GLSAMPLE_FRAME_171220FINAL\DEBUG\LIGHT.OBJ
D:\2017卒研他\GLSAMPLE_FRAME_171220FINAL\DEBUG\MAIN.OBJ
D:\2017卒研他\GLSAMPLE_FRAME_171220FINAL\DEBUG\PROJVIEW.OBJ
D:\2017卒研他\GLSAMPLE_FRAME_171220FINAL\DEBUG\SIM.OBJ
D:\2017卒研他\GLSAMPLE_FRAME_171220FINAL\DEBUG\VC100.PDB
X:\DEVELOP\ICG_PROJECTS\GLSAMPLE_FRAME_171220FINAL\DEBUG\CALC.OBJ
X:\DEVELOP\ICG_PROJECTS\GLSAMPLE_FRAME_171220FINAL\DEBUG\DRAW.OBJ
X:\DEVELOP\ICG_PROJECTS\GLSAMPLE_FRAME_171220FINAL\DEBUG\GLSAMPLE_FRAMELV3.EXE
X:\DEVELOP\ICG_PROJECTS\GLSAMPLE_FRAME_171220FINAL\DEBUG\GLSAMPLE_FRAMELV3.EXE.EMBED.MANIFEST
X:\DEVELOP\ICG_PROJECTS\GLSAMPLE_FRAME_171220FINAL\DEBUG\GLSAMPLE_FRAMELV3.EXE.EMBED.MANIFEST.RES
X:\DEVELOP\ICG_PROJECTS\GLSAMPLE_FRAME_171220FINAL\DEBUG\GLSAMPLE_FRAMELV3.EXE.INTERMEDIATE.MANIFEST
X:\DEVELOP\ICG_PROJECTS\GLSAMPLE_FRAME_171220FINAL\DEBUG\GLSAMPLE_FRAMELV3.ILK
X:\DEVELOP\ICG_PROJECTS\GLSAMPLE_FRAME_171220FINAL\DEBUG\GLSAMPLE_FRAMELV3.PDB
X:\DEVELOP\ICG_PROJECTS\GLSAMPLE_FRAME_171220FINAL\DEBUG\KBDMOUSE.OBJ
X:\DEVELOP\ICG_PROJECTS\GLSAMPLE_FRAME_171220FINAL\DEBUG\LIGHT.OBJ
X:\DEVELOP\ICG_PROJECTS\GLSAMPLE_FRAME_171220FINAL\DEBUG\MAIN.OBJ
X:\DEVELOP\ICG_PROJECTS\GLSAMPLE_FRAME_171220FINAL\DEBUG\PROJVIEW.OBJ
X:\DEVELOP\ICG_PROJECTS\GLSAMPLE_FRAME_171220FINAL\DEBUG\SIM.OBJ
X:\DEVELOP\ICG_PROJECTS\GLSAMPLE_FRAME_171220FINAL\DEBUG\VC100.PDB
