2018/01/17 17:08:28 にビルドを開始しました。
     1>ノード 2 上のプロジェクト "X:\develop\iCG_Projects\ez14ay-matsumoto\program\ez14ay-matsumoto\glsample6_shading.vcxproj" (build ターゲット)。
     1>InitializeBuildStatus:
         "AlwaysCreate" が指定されたため "Debug\glsample_frameLv3.unsuccessfulbuild" を作成しています。
       ClCompile:
         C:\Program Files (x86)\Microsoft Visual Studio 10.0\VC\bin\CL.exe /c /ZI /nologo /W3 /WX- /Od /Oy- /D WIN32 /D _DEBUG /D _CONSOLE /D _UNICODE /D UNICODE /Gm /EHsc /RTC1 /MDd /GS /fp:precise /Zc:wchar_t /Zc:forScope /Fo"Debug\\" /Fd"Debug\vc100.pdb" /Gd /TP /analyze- /errorReport:prompt draw.cpp
         draw.cpp
     1>x:\develop\icg_projects\ez14ay-matsumoto\program\ez14ay-matsumoto\draw.cpp(564): warning C4101: 'y' : ローカル変数は 1 度も使われていません。
     1>x:\develop\icg_projects\ez14ay-matsumoto\program\ez14ay-matsumoto\draw.cpp(564): warning C4101: 'x' : ローカル変数は 1 度も使われていません。
     1>x:\develop\icg_projects\ez14ay-matsumoto\program\ez14ay-matsumoto\draw.cpp(564): warning C4101: 'z' : ローカル変数は 1 度も使われていません。
     1>x:\develop\icg_projects\ez14ay-matsumoto\program\ez14ay-matsumoto\draw.cpp(599): warning C4101: 'y' : ローカル変数は 1 度も使われていません。
     1>x:\develop\icg_projects\ez14ay-matsumoto\program\ez14ay-matsumoto\draw.cpp(599): warning C4101: 'x' : ローカル変数は 1 度も使われていません。
     1>x:\develop\icg_projects\ez14ay-matsumoto\program\ez14ay-matsumoto\draw.cpp(599): warning C4101: 'z' : ローカル変数は 1 度も使われていません。
     1>x:\develop\icg_projects\ez14ay-matsumoto\program\ez14ay-matsumoto\draw.cpp(1661): warning C4808: case '2' は 'bool' 型の switch ラベルには不適切です
       ManifestResourceCompile:
         すべての出力が最新のものです。
       Link:
         C:\Program Files (x86)\Microsoft Visual Studio 10.0\VC\bin\link.exe /ERRORREPORT:PROMPT /OUT:"X:\develop\iCG_Projects\ez14ay-matsumoto\program\ez14ay-matsumoto\Debug\glsample_frameLv3.exe" /INCREMENTAL /NOLOGO kernel32.lib user32.lib gdi32.lib winspool.lib comdlg32.lib advapi32.lib shell32.lib ole32.lib oleaut32.lib uuid.lib odbc32.lib odbccp32.lib /MANIFEST /ManifestFile:"Debug\glsample_frameLv3.exe.intermediate.manifest" /MANIFESTUAC:"level='asInvoker' uiAccess='false'" /DEBUG /PDB:"X:\develop\iCG_Projects\ez14ay-matsumoto\program\ez14ay-matsumoto\Debug\glsample_frameLv3.pdb" /SUBSYSTEM:CONSOLE /TLBID:1 /DYNAMICBASE /NXCOMPAT /IMPLIB:"X:\develop\iCG_Projects\ez14ay-matsumoto\program\ez14ay-matsumoto\Debug\glsample_frameLv3.lib" /MACHINE:X86 Debug\glsample_frameLv3.exe.embed.manifest.res
         Debug\calc.obj
         Debug\draw.obj
         Debug\light.obj
         Debug\main.obj
         Debug\kbdmouse.obj
         Debug\projview.obj
         Debug\sim.obj
       Manifest:
         C:\Program Files (x86)\Microsoft SDKs\Windows\v7.0A\bin\mt.exe /nologo /verbose /out:"Debug\glsample_frameLv3.exe.embed.manifest" /manifest Debug\glsample_frameLv3.exe.intermediate.manifest
         すべての出力が最新のものです。
       LinkEmbedManifest:
         C:\Program Files (x86)\Microsoft Visual Studio 10.0\VC\bin\link.exe /ERRORREPORT:PROMPT /OUT:"X:\develop\iCG_Projects\ez14ay-matsumoto\program\ez14ay-matsumoto\Debug\glsample_frameLv3.exe" /INCREMENTAL /NOLOGO kernel32.lib user32.lib gdi32.lib winspool.lib comdlg32.lib advapi32.lib shell32.lib ole32.lib oleaut32.lib uuid.lib odbc32.lib odbccp32.lib /MANIFEST /ManifestFile:"Debug\glsample_frameLv3.exe.intermediate.manifest" /MANIFESTUAC:"level='asInvoker' uiAccess='false'" /DEBUG /PDB:"X:\develop\iCG_Projects\ez14ay-matsumoto\program\ez14ay-matsumoto\Debug\glsample_frameLv3.pdb" /SUBSYSTEM:CONSOLE /TLBID:1 /DYNAMICBASE /NXCOMPAT /IMPLIB:"X:\develop\iCG_Projects\ez14ay-matsumoto\program\ez14ay-matsumoto\Debug\glsample_frameLv3.lib" /MACHINE:X86 Debug\glsample_frameLv3.exe.embed.manifest.res
         Debug\calc.obj
         Debug\draw.obj
         Debug\light.obj
         Debug\main.obj
         Debug\kbdmouse.obj
         Debug\projview.obj
         Debug\sim.obj
         glsample6_shading.vcxproj -> X:\develop\iCG_Projects\ez14ay-matsumoto\program\ez14ay-matsumoto\Debug\glsample_frameLv3.exe
       FinalizeBuildStatus:
         ファイル "Debug\glsample_frameLv3.unsuccessfulbuild" を削除しています。
         "Debug\glsample_frameLv3.lastbuildstate" のタッチ タスクを実行しています。
     1>プロジェクト "X:\develop\iCG_Projects\ez14ay-matsumoto\program\ez14ay-matsumoto\glsample6_shading.vcxproj" (build ターゲット) のビルドが完了しました。

ビルドに成功しました。

経過時間 00:00:03.54
